#
# There is insufficient memory for the Java Runtime Environment to continue.
# Native memory allocation (malloc) failed to allocate 1048576 bytes for AllocateHeap
# Possible reasons:
#   The system is out of physical RAM or swap space
#   In 32 bit mode, the process size limit was hit
# Possible solutions:
#   Reduce memory load on the system
#   Increase physical memory or swap space
#   Check if swap backing store is full
#   Use 64 bit Java on a 64 bit OS
#   Decrease Java heap size (-Xmx/-Xms)
#   Decrease number of Java threads
#   Decrease Java thread stack sizes (-Xss)
#   Set larger code cache with -XX:ReservedCodeCacheSize=
# This output file may be truncated or incomplete.
#
#  Out of Memory Error (memory/allocation.inline.hpp:61), pid=2944, tid=0x0000000000000648
#
# JRE version:  (8.0_92-b14) (build )
# Java VM: Java HotSpot(TM) 64-Bit Server VM (25.92-b14 mixed mode windows-amd64 compressed oops)
# Failed to write core dump. Minidumps are not enabled by default on client versions of Windows
#

---------------  T H R E A D  ---------------

Current thread (0x000000000239e800):  JavaThread "Unknown thread" [_thread_in_vm, id=1608, stack(0x00000000021d0000,0x00000000022d0000)]

Stack: [0x00000000021d0000,0x00000000022d0000]
[error occurred during error reporting (printing stack bounds), id 0xc0000005]

Native frames: (J=compiled Java code, j=interpreted, Vv=VM code, C=native code)


---------------  P R O C E S S  ---------------

Java Threads: ( => current thread )

Other Threads:

=>0x000000000239e800 (exited) JavaThread "Unknown thread" [_thread_in_vm, id=1608, stack(0x00000000021d0000,0x00000000022d0000)]

VM state:not at safepoint (normal execution)

VM Mutex/Monitor currently owned by a thread: None

Heap:
 PSYoungGen      total 37888K, used 655K [0x00000000d6600000, 0x00000000d9000000, 0x0000000100000000)
  eden space 32768K, 2% used [0x00000000d6600000,0x00000000d66a3d80,0x00000000d8600000)
  from space 5120K, 0% used [0x00000000d8b00000,0x00000000d8b00000,0x00000000d9000000)
  to   space 5120K, 0% used [0x00000000d8600000,0x00000000d8600000,0x00000000d8b00000)
 ParOldGen       total 86016K, used 0K [0x0000000083200000, 0x0000000088600000, 0x00000000d6600000)
  object space 86016K, 0% used [0x0000000083200000,0x0000000083200000,0x0000000088600000)
 Metaspace       used 769K, capacity 4480K, committed 4480K, reserved 1056768K
  class space    used 75K, capacity 384K, committed 384K, reserved 1048576K

Card table byte_map: [0x0000000011860000,0x0000000011c50000] byte_map_base: 0x0000000011447000

Marking Bits: (ParMarkBitMap*) 0x0000000054a264f0
 Begin Bits: [0x00000000122f0000, 0x0000000014228000)
 End Bits:   [0x0000000014228000, 0x0000000016160000)

Polling page: 0x0000000002100000

CodeCache: size=245760Kb used=327Kb max_used=327Kb free=245432Kb
 bounds [0x00000000024a0000, 0x0000000002710000, 0x00000000114a0000]
 total_blobs=57 nmethods=0 adapters=38
 compilation: enabled

Compilation events (0 events):
No events

GC Heap History (0 events):
No events

Deoptimization events (0 events):
No events

Internal exceptions (0 events):
No events

Events (10 events):
Event: 0.075 loading class java/lang/Short
Event: 0.075 loading class java/lang/Short done
Event: 0.075 loading class java/lang/Integer
Event: 0.075 loading class java/lang/Integer done
Event: 0.075 loading class java/lang/Long
Event: 0.075 loading class java/lang/Long done
Event: 0.077 loading class java/lang/NullPointerException
Event: 0.077 loading class java/lang/NullPointerException done
Event: 0.077 loading class java/lang/ArithmeticException
Event: 0.077 loading class java/lang/ArithmeticException done


Dynamic libraries:
0x00007ff683b90000 - 0x00007ff683bc7000 	C:\Program Files\eclipse\jre\bin\javaw.exe
0x00007ffaa4c40000 - 0x00007ffaa4dea000 	C:\Windows\SYSTEM32\ntdll.dll
0x00007ffaa4920000 - 0x00007ffaa4a5a000 	C:\Windows\system32\KERNEL32.DLL
0x00007ffaa2180000 - 0x00007ffaa228f000 	C:\Windows\system32\KERNELBASE.dll
0x00007ffaa0be0000 - 0x00007ffaa0c68000 	C:\Windows\system32\apphelp.dll
0x00007ffa98770000 - 0x00007ffa987bf000 	C:\Windows\AppPatch\AppPatch64\AcGenral.DLL
0x00007ffaa27a0000 - 0x00007ffaa2847000 	C:\Windows\system32\msvcrt.dll
0x00007ffaa1d90000 - 0x00007ffaa1dbb000 	C:\Windows\SYSTEM32\SspiCli.dll
0x00007ffaa2d40000 - 0x00007ffaa2d91000 	C:\Windows\system32\SHLWAPI.dll
0x00007ffaa2850000 - 0x00007ffaa29c1000 	C:\Windows\system32\USER32.dll
0x00007ffaa47a0000 - 0x00007ffaa4918000 	C:\Windows\system32\ole32.dll
0x00007ffaa2ef0000 - 0x00007ffaa4307000 	C:\Windows\system32\SHELL32.dll
0x00007ffaa1870000 - 0x00007ffaa188e000 	C:\Windows\SYSTEM32\USERENV.dll
0x00007ffaa4500000 - 0x00007ffaa45a5000 	C:\Windows\system32\ADVAPI32.dll
0x00007ffa9bb20000 - 0x00007ffa9bb3b000 	C:\Windows\SYSTEM32\MPR.dll
0x00007ffaa45b0000 - 0x00007ffaa46e6000 	C:\Windows\system32\RPCRT4.dll
0x00007ffaa2660000 - 0x00007ffaa26b7000 	C:\Windows\SYSTEM32\sechost.dll
0x00007ffaa4a60000 - 0x00007ffaa4c36000 	C:\Windows\SYSTEM32\combase.dll
0x00007ffaa2da0000 - 0x00007ffaa2ee5000 	C:\Windows\system32\GDI32.dll
0x00007ffaa1fb0000 - 0x00007ffaa1fc4000 	C:\Windows\SYSTEM32\profapi.dll
0x00007ffaa0610000 - 0x00007ffaa06af000 	C:\Windows\SYSTEM32\SHCORE.dll
0x00007ffaa29d0000 - 0x00007ffaa2a04000 	C:\Windows\system32\IMM32.DLL
0x00007ffaa4310000 - 0x00007ffaa4449000 	C:\Windows\system32\MSCTF.dll
0x00007ffa9fd90000 - 0x00007ffa9ffea000 	C:\Windows\WinSxS\amd64_microsoft.windows.common-controls_6595b64144ccf1df_6.0.9600.17031_none_6242a4b3ecbb55a1\COMCTL32.dll
0x0000000053f60000 - 0x0000000054032000 	C:\Program Files\eclipse\jre\jre\bin\msvcr100.dll
0x0000000054210000 - 0x0000000054aa6000 	C:\Program Files\eclipse\jre\jre\bin\server\jvm.dll
0x00007ffa9f340000 - 0x00007ffa9f349000 	C:\Windows\SYSTEM32\WSOCK32.dll
0x00007ffa9b790000 - 0x00007ffa9b7af000 	C:\Windows\SYSTEM32\WINMM.dll
0x00007ffa9b150000 - 0x00007ffa9b15a000 	C:\Windows\SYSTEM32\VERSION.dll
0x00007ffaa2790000 - 0x00007ffaa2797000 	C:\Windows\system32\PSAPI.DLL
0x00007ffaa26d0000 - 0x00007ffaa2728000 	C:\Windows\system32\WS2_32.dll
0x00007ffa9aff0000 - 0x00007ffa9b01a000 	C:\Windows\SYSTEM32\WINMMBASE.dll
0x00007ffaa2a70000 - 0x00007ffaa2a79000 	C:\Windows\system32\NSI.dll
0x00007ffaa2130000 - 0x00007ffaa217a000 	C:\Windows\SYSTEM32\cfgmgr32.dll
0x00007ffaa0e40000 - 0x00007ffaa0e66000 	C:\Windows\SYSTEM32\DEVOBJ.dll
0x0000000054dd0000 - 0x0000000054ddf000 	C:\Program Files\eclipse\jre\jre\bin\verify.dll
0x0000000054da0000 - 0x0000000054dc9000 	C:\Program Files\eclipse\jre\jre\bin\java.dll
0x0000000054d80000 - 0x0000000054d96000 	C:\Program Files\eclipse\jre\jre\bin\zip.dll

VM Arguments:
jvm_args: -Dfile.encoding=Cp1252 
java_command: br.com.fiap.view.TesteUsuario
java_class_path (initial): E:\Workspace\Natura-Link4It\target\classes;C:\Program Files\eclipse\Apache\Tomcat 8\lib\annotations-api.jar;C:\Program Files\eclipse\Apache\Tomcat 8\lib\catalina-ant.jar;C:\Program Files\eclipse\Apache\Tomcat 8\lib\catalina-ha.jar;C:\Program Files\eclipse\Apache\Tomcat 8\lib\catalina-storeconfig.jar;C:\Program Files\eclipse\Apache\Tomcat 8\lib\catalina-tribes.jar;C:\Program Files\eclipse\Apache\Tomcat 8\lib\catalina.jar;C:\Program Files\eclipse\Apache\Tomcat 8\lib\ecj-4.6.1.jar;C:\Program Files\eclipse\Apache\Tomcat 8\lib\el-api.jar;C:\Program Files\eclipse\Apache\Tomcat 8\lib\jasper-el.jar;C:\Program Files\eclipse\Apache\Tomcat 8\lib\jasper.jar;C:\Program Files\eclipse\Apache\Tomcat 8\lib\jsp-api.jar;C:\Program Files\eclipse\Apache\Tomcat 8\lib\servlet-api.jar;C:\Program Files\eclipse\Apache\Tomcat 8\lib\tomcat-api.jar;C:\Program Files\eclipse\Apache\Tomcat 8\lib\tomcat-coyote.jar;C:\Program Files\eclipse\Apache\Tomcat 8\lib\tomcat-dbcp.jar;C:\Program Files\eclipse\Apache\Tomcat 8\lib\tomcat-i18n-es.jar;C:\Program Files\eclipse\Apache\Tomcat 8\lib\tomcat-i18n-fr.jar;C:\Program Files\eclipse\Apache\Tomcat 8\lib\tomcat-i18n-ja.jar;C:\Program Files\eclipse\Apache\Tomcat 8\lib\tomcat-jdbc.jar;C:\Program Files\eclipse\Apache\Tomcat 8\lib\tomcat-jni.jar;C:\Program Files\eclipse\Apache\Tomcat 8\lib\tomcat-util-scan.jar;C:\Program Files\eclipse\Apache\Tomcat 8\lib\tomcat-util.jar;C:\Program Files\eclipse\Apache\Tomcat 8\lib\tomcat-websocket.jar;C:\Program Files\eclipse\Apache\Tomcat 8\lib\websocket-api.jar;E:\Workspace\Natura-Link4It\WebContent\WEB-INF\lib\ojdbc6.jar;C:\Users\Administrador\.m2\repository\org\hibernate\hibernate-core\5.2.9.Final\hibernate-core-5.2.9.Final.jar;C:\Users\Administrador\.m2\repository\org\jboss\logging\jboss-logging\3.3.0.Final\jboss-logging-3.3.0.Final.jar;C:\Users\Administrador\.m2\repository\org\hibernate\javax\persistence\hibernate-jpa-2.1-api\1.0.0.Final\hibernate-jpa-2.1-api-1.0.0.Final.jar;C:\Users\Administrad
Launcher Type: SUN_STANDARD

Environment Variables:
PATH=C:/Program Files/eclipse/jre/bin/../jre/bin/server;C:/Program Files/eclipse/jre/bin/../jre/bin;C:/Program Files/eclipse/jre/bin/../jre/lib/amd64;C:\Windows\system32;C:\Windows;C:\Windows\System32\Wbem;C:\Windows\System32\WindowsPowerShell\v1.0\;C:\Program Files (x86)\Microchip\MPLAB C32 Suite\bin;C:\Program Files\Microsoft SQL Server\Client SDK\ODBC\110\Tools\Binn\;C:\Program Files (x86)\Microsoft SQL Server\120\Tools\Binn\;C:\Program Files\Microsoft SQL Server\120\Tools\Binn\;C:\Program Files\Microsoft SQL Server\120\DTS\Binn\;C:\Program Files (x86)\Microsoft SQL Server\120\Tools\Binn\ManagementStudio\;C:\Program Files (x86)\Microsoft SQL Server\120\DTS\Binn\;C:\Program Files\Microsoft SQL Server\130\Tools\Binn\;C:\Program Files\Git\cmd;C:\Program Files (x86)\Skype\Phone\;C:\Program Files\dotnet\;C:\Program Files\eclipse;
USERNAME=Administrador
OS=Windows_NT
PROCESSOR_IDENTIFIER=Intel64 Family 6 Model 37 Stepping 5, GenuineIntel



---------------  S Y S T E M  ---------------

OS: Windows 8.1 , 64 bit Build 9600 (6.3.9600.17056)

CPU:total 4 (2 cores per cpu, 2 threads per core) family 6 model 37 stepping 5, cmov, cx8, fxsr, mmx, sse, sse2, sse3, ssse3, sse4.1, sse4.2, popcnt, ht, tsc, tscinvbit

Memory: 4k page, physical 8180244k(2168484k free), swap 8180244k(4912k free)

vm_info: Java HotSpot(TM) 64-Bit Server VM (25.92-b14) for windows-amd64 JRE (1.8.0_92-b14), built on Mar 31 2016 21:03:04 by "java_re" with MS VC++ 10.0 (VS2010)

time: Sun May 07 20:19:17 2017
elapsed time: 0 seconds (0d 0h 0m 0s)

